[2026-06-03 02:51:05] production.ERROR: Unable to create PsySH runtime directory. Make sure PHP is able to write to /run/user/1000 in order to continue. {"exception":"[object] (Psy\\Exception\\RuntimeException(code: 0): Unable to create PsySH runtime directory. Make sure PHP is able to write to /run/user/1000 in order to continue. at /var/www/html/travel/vendor/psy/psysh/src/Configuration.php:632)
[stacktrace]
#0 /var/www/html/travel/vendor/psy/psysh/src/Shell.php(224): Psy\\Configuration->getRuntimeDir()
#1 /var/www/html/travel/vendor/symfony/console/Application.php(1312): Psy\\Shell->getDefaultCommands()
#2 /var/www/html/travel/vendor/symfony/console/Application.php(536): Symfony\\Component\\Console\\Application->init()
#3 /var/www/html/travel/vendor/psy/psysh/src/Shell.php(168): Symfony\\Component\\Console\\Application->add()
#4 /var/www/html/travel/vendor/symfony/console/Application.php(522): Psy\\Shell->add()
#5 /var/www/html/travel/vendor/laravel/tinker/src/Console/TinkerCommand.php(60): Symfony\\Component\\Console\\Application->addCommands()
#6 /var/www/html/travel/vendor/laravel/framework/src/Illuminate/Container/BoundMethod.php(36): Laravel\\Tinker\\Console\\TinkerCommand->handle()
#7 /var/www/html/travel/vendor/laravel/framework/src/Illuminate/Container/Util.php(41): Illuminate\\Container\\BoundMethod::Illuminate\\Container\\{closure}()
#8 /var/www/html/travel/vendor/laravel/framework/src/Illuminate/Container/BoundMethod.php(93): Illuminate\\Container\\Util::unwrapIfClosure()
#9 /var/www/html/travel/vendor/laravel/framework/src/Illuminate/Container/BoundMethod.php(35): Illuminate\\Container\\BoundMethod::callBoundMethod()
#10 /var/www/html/travel/vendor/laravel/framework/src/Illuminate/Container/Container.php(661): Illuminate\\Container\\BoundMethod::call()
#11 /var/www/html/travel/vendor/laravel/framework/src/Illuminate/Console/Command.php(183): Illuminate\\Container\\Container->call()
#12 /var/www/html/travel/vendor/symfony/console/Command/Command.php(326): Illuminate\\Console\\Command->execute()
#13 /var/www/html/travel/vendor/laravel/framework/src/Illuminate/Console/Command.php(152): Symfony\\Component\\Console\\Command\\Command->run()
#14 /var/www/html/travel/vendor/symfony/console/Application.php(1063): Illuminate\\Console\\Command->run()
#15 /var/www/html/travel/vendor/symfony/console/Application.php(320): Symfony\\Component\\Console\\Application->doRunCommand()
#16 /var/www/html/travel/vendor/symfony/console/Application.php(174): Symfony\\Component\\Console\\Application->doRun()
#17 /var/www/html/travel/vendor/laravel/framework/src/Illuminate/Console/Application.php(102): Symfony\\Component\\Console\\Application->run()
#18 /var/www/html/travel/vendor/laravel/framework/src/Illuminate/Foundation/Console/Kernel.php(155): Illuminate\\Console\\Application->run()
#19 /var/www/html/travel/artisan(38): Illuminate\\Foundation\\Console\\Kernel->handle()
#20 {main}
"} 
[2026-06-03 06:48:50] production.ERROR: The "--columns" option does not exist. {"exception":"[object] (Symfony\\Component\\Console\\Exception\\RuntimeException(code: 0): The \"--columns\" option does not exist. at /var/www/html/travel/vendor/symfony/console/Input/ArgvInput.php:223)
[stacktrace]
#0 /var/www/html/travel/vendor/symfony/console/Input/ArgvInput.php(150): Symfony\\Component\\Console\\Input\\ArgvInput->addLongOption()
#1 /var/www/html/travel/vendor/symfony/console/Input/ArgvInput.php(85): Symfony\\Component\\Console\\Input\\ArgvInput->parseLongOption()
#2 /var/www/html/travel/vendor/symfony/console/Input/ArgvInput.php(74): Symfony\\Component\\Console\\Input\\ArgvInput->parseToken()
#3 /var/www/html/travel/vendor/symfony/console/Input/Input.php(55): Symfony\\Component\\Console\\Input\\ArgvInput->parse()
#4 /var/www/html/travel/vendor/symfony/console/Command/Command.php(285): Symfony\\Component\\Console\\Input\\Input->bind()
#5 /var/www/html/travel/vendor/laravel/framework/src/Illuminate/Console/Command.php(152): Symfony\\Component\\Console\\Command\\Command->run()
#6 /var/www/html/travel/vendor/symfony/console/Application.php(1063): Illuminate\\Console\\Command->run()
#7 /var/www/html/travel/vendor/symfony/console/Application.php(320): Symfony\\Component\\Console\\Application->doRunCommand()
#8 /var/www/html/travel/vendor/symfony/console/Application.php(174): Symfony\\Component\\Console\\Application->doRun()
#9 /var/www/html/travel/vendor/laravel/framework/src/Illuminate/Console/Application.php(102): Symfony\\Component\\Console\\Application->run()
#10 /var/www/html/travel/vendor/laravel/framework/src/Illuminate/Foundation/Console/Kernel.php(155): Illuminate\\Console\\Application->run()
#11 /var/www/html/travel/artisan(38): Illuminate\\Foundation\\Console\\Kernel->handle()
#12 {main}
"} 
